<?xml version="1.0" encoding="UTF-8"?>
<testsuite xmlns:xsi="http://www.w3.org/2001/XMLSchema-instance" xsi:noNamespaceSchemaLocation="https://maven.apache.org/surefire/maven-surefire-plugin/xsd/surefire-test-report-3.0.xsd" version="3.0" name="com.example.TPGozukTubaro.service.implementation.PacienteServiceTest" time="2.81" tests="4" errors="0" skipped="0" failures="0">
  <properties>
[...]
</properties>
  <testcase name="listarTodos" classname="com.example.TPGozukTubaro.service.implementation.PacienteServiceTest" time="0.404">
    <system-out><![CDATA[19:00:22.641 [main] INFO org.springframework.test.context.support.AnnotationConfigContextLoaderUtils -- Could not detect default configuration classes for test class [com.example.TPGozukTubaro.service.implementation.PacienteServiceTest]: PacienteServiceTest does not declare any static, non-private, non-final, nested classes annotated with @Configuration.
19:00:22.689 [main] INFO org.springframework.boot.test.context.SpringBootTestContextBootstrapper -- Found @SpringBootConfiguration com.example.TPGozukTubaro.TpGozukTubaroApplication for test class com.example.TPGozukTubaro.service.implementation.PacienteServiceTest

  .   ____          _            __ _ _
 /\\ / ___'_ __ _ _(_)_ __  __ _ \ \ \ \
( ( )\___ | '_ | '_| | '_ \/ _` | \ \ \ \
 \\/  ___)| |_)| | | | | || (_| |  ) ) ) )
  '  |____| .__|_| |_|_| |_\__, | / / / /
 =========|_|==============|___/=/_/_/_/
 :: Spring Boot ::                (v3.2.3)

2024-03-29T19:00:22.852-03:00  INFO 7392 --- [TPGozukTubaro] [           main] c.e.T.s.i.PacienteServiceTest            : Starting PacienteServiceTest using Java 21.0.2 with PID 7392 (started by ginotubaro in /Users/ginotubaro/Documents/GitHub/ExamenBEGozukTubaro)
2024-03-29T19:00:22.852-03:00  INFO 7392 --- [TPGozukTubaro] [           main] c.e.T.s.i.PacienteServiceTest            : No active profile set, falling back to 1 default profile: "default"
2024-03-29T19:00:23.180-03:00  INFO 7392 --- [TPGozukTubaro] [           main] .s.d.r.c.RepositoryConfigurationDelegate : Bootstrapping Spring Data JPA repositories in DEFAULT mode.
2024-03-29T19:00:23.205-03:00  INFO 7392 --- [TPGozukTubaro] [           main] .s.d.r.c.RepositoryConfigurationDelegate : Finished Spring Data repository scanning in 21 ms. Found 3 JPA repository interfaces.
2024-03-29T19:00:23.407-03:00  INFO 7392 --- [TPGozukTubaro] [           main] o.hibernate.jpa.internal.util.LogHelper  : HHH000204: Processing PersistenceUnitInfo [name: default]
2024-03-29T19:00:23.442-03:00  INFO 7392 --- [TPGozukTubaro] [           main] org.hibernate.Version                    : HHH000412: Hibernate ORM core version 6.4.4.Final
2024-03-29T19:00:23.465-03:00  INFO 7392 --- [TPGozukTubaro] [           main] o.h.c.internal.RegionFactoryInitiator    : HHH000026: Second-level cache disabled
2024-03-29T19:00:23.574-03:00  INFO 7392 --- [TPGozukTubaro] [           main] o.s.o.j.p.SpringPersistenceUnitInfo      : No LoadTimeWeaver setup: ignoring JPA class transformer
2024-03-29T19:00:23.586-03:00  INFO 7392 --- [TPGozukTubaro] [           main] com.zaxxer.hikari.HikariDataSource       : HikariPool-1 - Starting...
2024-03-29T19:00:23.731-03:00  INFO 7392 --- [TPGozukTubaro] [           main] com.zaxxer.hikari.pool.HikariPool        : HikariPool-1 - Added connection conn0: url=jdbc:h2:./TPGozukTubaro user=SA
2024-03-29T19:00:23.731-03:00  INFO 7392 --- [TPGozukTubaro] [           main] com.zaxxer.hikari.HikariDataSource       : HikariPool-1 - Start completed.
2024-03-29T19:00:24.207-03:00  INFO 7392 --- [TPGozukTubaro] [           main] o.h.e.t.j.p.i.JtaPlatformInitiator       : HHH000489: No JTA platform available (set 'hibernate.transaction.jta.platform' to enable JTA platform integration)
2024-03-29T19:00:24.232-03:00  INFO 7392 --- [TPGozukTubaro] [           main] j.LocalContainerEntityManagerFactoryBean : Initialized JPA EntityManagerFactory for persistence unit 'default'
2024-03-29T19:00:24.381-03:00  INFO 7392 --- [TPGozukTubaro] [           main] o.s.d.j.r.query.QueryEnhancerFactory     : Hibernate is in classpath; If applicable, HQL parser will be used.
2024-03-29T19:00:24.715-03:00  WARN 7392 --- [TPGozukTubaro] [           main] JpaBaseConfiguration$JpaWebConfiguration : spring.jpa.open-in-view is enabled by default. Therefore, database queries may be performed during view rendering. Explicitly configure spring.jpa.open-in-view to disable this warning
2024-03-29T19:00:24.725-03:00  INFO 7392 --- [TPGozukTubaro] [           main] o.s.b.a.w.s.WelcomePageHandlerMapping    : Adding welcome page: class path resource [static/index.html]
2024-03-29T19:00:24.846-03:00  INFO 7392 --- [TPGozukTubaro] [           main] o.s.b.a.h2.H2ConsoleAutoConfiguration    : H2 console available at '/h2-console'. Database available at 'jdbc:h2:./TPGozukTubaro'
2024-03-29T19:00:24.874-03:00  INFO 7392 --- [TPGozukTubaro] [           main] c.e.T.s.i.PacienteServiceTest            : Started PacienteServiceTest in 2.127 seconds (process running for 2.583)
[2024-03-29 19:00:25] [ INFO ] [PacienteService:28] Guardar paciente: TEST
Hibernate: insert into domicilios (calle,localidad,numero,provincia,id) values (?,?,?,?,default)
Hibernate: insert into pacientes (apellido,dni,domicilio_id,fecha_ingreso,nombre,id) values (?,?,?,?,?,default)
[2024-03-29 19:00:25] [ INFO ] [PacienteService:28] Guardar paciente: TEST
Hibernate: insert into domicilios (calle,localidad,numero,provincia,id) values (?,?,?,?,default)
Hibernate: insert into pacientes (apellido,dni,domicilio_id,fecha_ingreso,nombre,id) values (?,?,?,?,?,default)
Hibernate: select p1_0.id,p1_0.apellido,p1_0.dni,p1_0.domicilio_id,p1_0.fecha_ingreso,p1_0.nombre from pacientes p1_0
Hibernate: select d1_0.id,d1_0.calle,d1_0.localidad,d1_0.numero,d1_0.provincia from domicilios d1_0 where d1_0.id=?
Hibernate: select d1_0.id,d1_0.calle,d1_0.localidad,d1_0.numero,d1_0.provincia from domicilios d1_0 where d1_0.id=?
Hibernate: select d1_0.id,d1_0.calle,d1_0.localidad,d1_0.numero,d1_0.provincia from domicilios d1_0 where d1_0.id=?
Hibernate: select d1_0.id,d1_0.calle,d1_0.localidad,d1_0.numero,d1_0.provincia from domicilios d1_0 where d1_0.id=?
Hibernate: select d1_0.id,d1_0.calle,d1_0.localidad,d1_0.numero,d1_0.provincia from domicilios d1_0 where d1_0.id=?
Hibernate: select d1_0.id,d1_0.calle,d1_0.localidad,d1_0.numero,d1_0.provincia from domicilios d1_0 where d1_0.id=?
Hibernate: select d1_0.id,d1_0.calle,d1_0.localidad,d1_0.numero,d1_0.provincia from domicilios d1_0 where d1_0.id=?
Hibernate: select d1_0.id,d1_0.calle,d1_0.localidad,d1_0.numero,d1_0.provincia from domicilios d1_0 where d1_0.id=?
Hibernate: select d1_0.id,d1_0.calle,d1_0.localidad,d1_0.numero,d1_0.provincia from domicilios d1_0 where d1_0.id=?
Hibernate: select d1_0.id,d1_0.calle,d1_0.localidad,d1_0.numero,d1_0.provincia from domicilios d1_0 where d1_0.id=?
Hibernate: select d1_0.id,d1_0.calle,d1_0.localidad,d1_0.numero,d1_0.provincia from domicilios d1_0 where d1_0.id=?
Hibernate: select d1_0.id,d1_0.calle,d1_0.localidad,d1_0.numero,d1_0.provincia from domicilios d1_0 where d1_0.id=?
Hibernate: select d1_0.id,d1_0.calle,d1_0.localidad,d1_0.numero,d1_0.provincia from domicilios d1_0 where d1_0.id=?
Hibernate: select d1_0.id,d1_0.calle,d1_0.localidad,d1_0.numero,d1_0.provincia from domicilios d1_0 where d1_0.id=?
Hibernate: select d1_0.id,d1_0.calle,d1_0.localidad,d1_0.numero,d1_0.provincia from domicilios d1_0 where d1_0.id=?
Hibernate: select d1_0.id,d1_0.calle,d1_0.localidad,d1_0.numero,d1_0.provincia from domicilios d1_0 where d1_0.id=?
Hibernate: select d1_0.id,d1_0.calle,d1_0.localidad,d1_0.numero,d1_0.provincia from domicilios d1_0 where d1_0.id=?
Hibernate: select d1_0.id,d1_0.calle,d1_0.localidad,d1_0.numero,d1_0.provincia from domicilios d1_0 where d1_0.id=?
Hibernate: select d1_0.id,d1_0.calle,d1_0.localidad,d1_0.numero,d1_0.provincia from domicilios d1_0 where d1_0.id=?
Hibernate: select d1_0.id,d1_0.calle,d1_0.localidad,d1_0.numero,d1_0.provincia from domicilios d1_0 where d1_0.id=?
Hibernate: select d1_0.id,d1_0.calle,d1_0.localidad,d1_0.numero,d1_0.provincia from domicilios d1_0 where d1_0.id=?
Hibernate: select d1_0.id,d1_0.calle,d1_0.localidad,d1_0.numero,d1_0.provincia from domicilios d1_0 where d1_0.id=?
Hibernate: select d1_0.id,d1_0.calle,d1_0.localidad,d1_0.numero,d1_0.provincia from domicilios d1_0 where d1_0.id=?
Hibernate: select d1_0.id,d1_0.calle,d1_0.localidad,d1_0.numero,d1_0.provincia from domicilios d1_0 where d1_0.id=?
Hibernate: select d1_0.id,d1_0.calle,d1_0.localidad,d1_0.numero,d1_0.provincia from domicilios d1_0 where d1_0.id=?
Hibernate: select d1_0.id,d1_0.calle,d1_0.localidad,d1_0.numero,d1_0.provincia from domicilios d1_0 where d1_0.id=?
Hibernate: select d1_0.id,d1_0.calle,d1_0.localidad,d1_0.numero,d1_0.provincia from domicilios d1_0 where d1_0.id=?
]]></system-out>
    <system-err><![CDATA[WARNING: A Java agent has been loaded dynamically (/Users/ginotubaro/.m2/repository/net/bytebuddy/byte-buddy-agent/1.14.12/byte-buddy-agent-1.14.12.jar)
WARNING: If a serviceability tool is in use, please run with -XX:+EnableDynamicAgentLoading to hide this warning
WARNING: If a serviceability tool is not in use, please run with -Djdk.instrument.traceUsage for more information
WARNING: Dynamic loading of agents will be disallowed by default in a future release
]]></system-err>
  </testcase>
  <testcase name="actualizar" classname="com.example.TPGozukTubaro.service.implementation.PacienteServiceTest" time="0.039">
    <system-out><![CDATA[[2024-03-29 19:00:25] [ INFO ] [PacienteService:28] Guardar paciente: TEST
Hibernate: insert into domicilios (calle,localidad,numero,provincia,id) values (?,?,?,?,default)
Hibernate: insert into pacientes (apellido,dni,domicilio_id,fecha_ingreso,nombre,id) values (?,?,?,?,?,default)
[2024-03-29 19:00:25] [ INFO ] [PacienteService:34] Buscando paciente ID:35
Hibernate: select p1_0.id,p1_0.apellido,p1_0.dni,d1_0.id,d1_0.calle,d1_0.localidad,d1_0.numero,d1_0.provincia,p1_0.fecha_ingreso,p1_0.nombre from pacientes p1_0 left join domicilios d1_0 on d1_0.id=p1_0.domicilio_id where p1_0.id=?
[2024-03-29 19:00:25] [ INFO ] [PacienteService:48] Actualizando paciente
Hibernate: select p1_0.id,p1_0.apellido,p1_0.dni,d1_0.id,d1_0.calle,d1_0.localidad,d1_0.numero,d1_0.provincia,p1_0.fecha_ingreso,p1_0.nombre from pacientes p1_0 left join domicilios d1_0 on d1_0.id=p1_0.domicilio_id where p1_0.id=?
Hibernate: select p1_0.id,p1_0.apellido,p1_0.dni,d1_0.id,d1_0.calle,d1_0.localidad,d1_0.numero,d1_0.provincia,p1_0.fecha_ingreso,p1_0.nombre from pacientes p1_0 left join domicilios d1_0 on d1_0.id=p1_0.domicilio_id where p1_0.id=?
Hibernate: update pacientes set apellido=?,dni=?,domicilio_id=?,fecha_ingreso=?,nombre=? where id=?
[2024-03-29 19:00:25] [ INFO ] [PacienteService:53] Paciente actualizado!
]]></system-out>
  </testcase>
  <testcase name="eliminar" classname="com.example.TPGozukTubaro.service.implementation.PacienteServiceTest" time="0.023">
    <system-out><![CDATA[[2024-03-29 19:00:25] [ INFO ] [PacienteService:28] Guardar paciente: TEST
Hibernate: insert into domicilios (calle,localidad,numero,provincia,id) values (?,?,?,?,default)
Hibernate: insert into pacientes (apellido,dni,domicilio_id,fecha_ingreso,nombre,id) values (?,?,?,?,?,default)
[2024-03-29 19:00:25] [ INFO ] [PacienteService:63] Borrando paciente
Hibernate: select p1_0.id,p1_0.apellido,p1_0.dni,d1_0.id,d1_0.calle,d1_0.localidad,d1_0.numero,d1_0.provincia,p1_0.fecha_ingreso,p1_0.nombre from pacientes p1_0 left join domicilios d1_0 on d1_0.id=p1_0.domicilio_id where p1_0.id=?
Hibernate: select p1_0.id,p1_0.apellido,p1_0.dni,d1_0.id,d1_0.calle,d1_0.localidad,d1_0.numero,d1_0.provincia,p1_0.fecha_ingreso,p1_0.nombre from pacientes p1_0 left join domicilios d1_0 on d1_0.id=p1_0.domicilio_id where p1_0.id=?
Hibernate: delete from pacientes where id=?
Hibernate: delete from domicilios where id=?
[2024-03-29 19:00:25] [ INFO ] [PacienteService:68] Paciente borrado!
[2024-03-29 19:00:25] [ INFO ] [PacienteService:34] Buscando paciente ID:36
Hibernate: select p1_0.id,p1_0.apellido,p1_0.dni,d1_0.id,d1_0.calle,d1_0.localidad,d1_0.numero,d1_0.provincia,p1_0.fecha_ingreso,p1_0.nombre from pacientes p1_0 left join domicilios d1_0 on d1_0.id=p1_0.domicilio_id where p1_0.id=?
[2024-03-29 19:00:25] [ ERROR] [PacienteService:41] No se encontro el paciente con ID 36
]]></system-out>
  </testcase>
  <testcase name="guardar" classname="com.example.TPGozukTubaro.service.implementation.PacienteServiceTest" time="0.009">
    <system-out><![CDATA[[2024-03-29 19:00:25] [ INFO ] [PacienteService:28] Guardar paciente: TEST
Hibernate: insert into domicilios (calle,localidad,numero,provincia,id) values (?,?,?,?,default)
Hibernate: insert into pacientes (apellido,dni,domicilio_id,fecha_ingreso,nombre,id) values (?,?,?,?,?,default)
[2024-03-29 19:00:25] [ INFO ] [PacienteService:34] Buscando paciente ID:37
Hibernate: select p1_0.id,p1_0.apellido,p1_0.dni,d1_0.id,d1_0.calle,d1_0.localidad,d1_0.numero,d1_0.provincia,p1_0.fecha_ingreso,p1_0.nombre from pacientes p1_0 left join domicilios d1_0 on d1_0.id=p1_0.domicilio_id where p1_0.id=?
]]></system-out>
  </testcase>
</testsuite>